<?xml version="1.0" encoding="UTF-8"?>
<!-- Generated by org.testng.reporters.JUnitReportReporter -->
<testsuite skipped="0" hostname="LAPTOP-O9PIHLHM" name="com.maven.sample.MavenProjectDemo.RameshSoftTest" tests="1" failures="0" timestamp="27 Oct 2019 05:00:15 GMT" time="18.639" errors="0">
  <testcase name="RSTest" time="18.639" classname="com.maven.sample.MavenProjectDemo.RameshSoftTest"/>
</testsuite> <!-- com.maven.sample.MavenProjectDemo.RameshSoftTest -->
